<?xml version="1.0" encoding="UTF-8"?>
<testsuite xmlns:xsi="http://www.w3.org/2001/XMLSchema-instance" xsi:noNamespaceSchemaLocation="https://maven.apache.org/surefire/maven-surefire-plugin/xsd/surefire-test-report-3.0.xsd" version="3.0" name="com.nabdu.library.LibraryManagementBackendApplicationTests" time="19.838" tests="1" errors="0" skipped="0" failures="0">
  <properties>
[...]
</properties>
  <testcase name="contextLoads" classname="com.nabdu.library.LibraryManagementBackendApplicationTests" time="1.117">
    <system-out><![CDATA[18:46:34.883 [main] INFO org.springframework.test.context.support.AnnotationConfigContextLoaderUtils -- Could not detect default configuration classes for test class [com.nabdu.library.LibraryManagementBackendApplicationTests]: LibraryManagementBackendApplicationTests does not declare any static, non-private, non-final, nested classes annotated with @Configuration.
18:46:35.119 [main] INFO org.springframework.boot.test.context.SpringBootTestContextBootstrapper -- Found @SpringBootConfiguration com.nabdu.library.LibraryManagementBackendApplication for test class com.nabdu.library.LibraryManagementBackendApplicationTests

  .   ____          _            __ _ _
 /\\ / ___'_ __ _ _(_)_ __  __ _ \ \ \ \
( ( )\___ | '_ | '_| | '_ \/ _` | \ \ \ \
 \\/  ___)| |_)| | | | | || (_| |  ) ) ) )
  '  |____| .__|_| |_|_| |_\__, | / / / /
 =========|_|==============|___/=/_/_/_/
 :: Spring Boot ::                (v3.2.2)

2024-02-17T18:46:39.069+05:30  INFO 2631 --- [           main] LibraryManagementBackendApplicationTests : Starting LibraryManagementBackendApplicationTests using Java 17.0.10 with PID 2631 (started by abdu in /Users/abdu/Documents/workspace/library-management-backend)
2024-02-17T18:46:39.071+05:30  INFO 2631 --- [           main] LibraryManagementBackendApplicationTests : No active profile set, falling back to 1 default profile: "default"
2024-02-17T18:46:40.805+05:30  INFO 2631 --- [           main] .s.d.r.c.RepositoryConfigurationDelegate : Bootstrapping Spring Data JPA repositories in DEFAULT mode.
2024-02-17T18:46:40.928+05:30  INFO 2631 --- [           main] .s.d.r.c.RepositoryConfigurationDelegate : Finished Spring Data repository scanning in 103 ms. Found 6 JPA repository interfaces.
2024-02-17T18:46:41.976+05:30  INFO 2631 --- [           main] com.zaxxer.hikari.HikariDataSource       : HikariPool-1 - Starting...
2024-02-17T18:46:44.619+05:30  INFO 2631 --- [           main] com.zaxxer.hikari.pool.HikariPool        : HikariPool-1 - Added connection com.mysql.cj.jdbc.ConnectionImpl@55e91e61
2024-02-17T18:46:44.625+05:30  INFO 2631 --- [           main] com.zaxxer.hikari.HikariDataSource       : HikariPool-1 - Start completed.
2024-02-17T18:46:44.713+05:30  INFO 2631 --- [           main] o.hibernate.jpa.internal.util.LogHelper  : HHH000204: Processing PersistenceUnitInfo [name: default]
2024-02-17T18:46:44.844+05:30  INFO 2631 --- [           main] org.hibernate.Version                    : HHH000412: Hibernate ORM core version 6.4.1.Final
2024-02-17T18:46:44.925+05:30  INFO 2631 --- [           main] o.h.c.internal.RegionFactoryInitiator    : HHH000026: Second-level cache disabled
2024-02-17T18:46:45.368+05:30  INFO 2631 --- [           main] o.s.o.j.p.SpringPersistenceUnitInfo      : No LoadTimeWeaver setup: ignoring JPA class transformer
2024-02-17T18:46:46.270+05:30  WARN 2631 --- [           main] org.hibernate.orm.deprecation            : HHH90000025: MySQLDialect does not need to be specified explicitly using 'hibernate.dialect' (remove the property setting and it will be selected by default)
2024-02-17T18:46:47.912+05:30  INFO 2631 --- [           main] o.h.e.t.j.p.i.JtaPlatformInitiator       : HHH000489: No JTA platform available (set 'hibernate.transaction.jta.platform' to enable JTA platform integration)
2024-02-17T18:46:47.918+05:30  INFO 2631 --- [           main] j.LocalContainerEntityManagerFactoryBean : Initialized JPA EntityManagerFactory for persistence unit 'default'
2024-02-17T18:46:48.527+05:30  INFO 2631 --- [           main] o.s.d.j.r.query.QueryEnhancerFactory     : Hibernate is in classpath; If applicable, HQL parser will be used.
2024-02-17T18:46:49.647+05:30  WARN 2631 --- [           main] JpaBaseConfiguration$JpaWebConfiguration : spring.jpa.open-in-view is enabled by default. Therefore, database queries may be performed during view rendering. Explicitly configure spring.jpa.open-in-view to disable this warning
2024-02-17T18:46:52.054+05:30  INFO 2631 --- [           main] o.s.s.web.DefaultSecurityFilterChain     : Will secure any request with [org.springframework.security.web.session.DisableEncodeUrlFilter@1acfb04c, org.springframework.security.web.context.request.async.WebAsyncManagerIntegrationFilter@a683f92, org.springframework.security.web.context.SecurityContextHolderFilter@e19908e, org.springframework.security.web.header.HeaderWriterFilter@fca4392, org.springframework.web.filter.CorsFilter@6fb9dab6, org.springframework.security.web.authentication.logout.LogoutFilter@3e216fc9, org.springframework.security.oauth2.client.web.OAuth2AuthorizationRequestRedirectFilter@d2eddc2, org.springframework.security.oauth2.client.web.OAuth2LoginAuthenticationFilter@4df50829, org.springframework.security.web.authentication.ui.DefaultLoginPageGeneratingFilter@79b3f1c6, org.springframework.security.web.authentication.ui.DefaultLogoutPageGeneratingFilter@5d12fa92, org.springframework.security.oauth2.server.resource.web.authentication.BearerTokenAuthenticationFilter@cf822a6, org.springframework.security.web.savedrequest.RequestCacheAwareFilter@5ac168e3, org.springframework.security.web.servletapi.SecurityContextHolderAwareRequestFilter@14574cdf, org.springframework.security.web.authentication.AnonymousAuthenticationFilter@3ab87cac, org.springframework.security.web.access.ExceptionTranslationFilter@38950d4b, org.springframework.security.web.access.intercept.AuthorizationFilter@3d5e1b83]
2024-02-17T18:46:53.157+05:30  INFO 2631 --- [           main] LibraryManagementBackendApplicationTests : Started LibraryManagementBackendApplicationTests in 17.645 seconds (process running for 19.774)
]]></system-out>
  </testcase>
</testsuite>